2026-01-05 19:21:48,239 - INFO - Encontrados 2 arquivos para analisar
2026-01-05 19:21:48,239 - INFO - [1/2] Processando: Fahlberg - Bad Love (Antdot & Maz Extended Remix).mp3
2026-01-05 19:21:49,999 - INFO - Analisando BPM: Fahlberg - Bad Love (Antdot & Maz Extended Remix).mp3
2026-01-05 19:21:55,672 - WARNING - Não foi possível detectar tonalidade: C:\Users\Sathler\Documents\Programacao\Python\Music\Fahlberg - Bad Love (Antdot & Maz Extended Remix).mp3
2026-01-05 19:21:55,672 - INFO - --------------------------------------------------------------------------------
2026-01-05 19:21:55,672 - INFO - [2/2] Processando: Vintage Culture & James Hype - You Give Me A Feeling.mp3
2026-01-05 19:21:55,690 - INFO - Analisando BPM: Vintage Culture & James Hype - You Give Me A Feeling.mp3
2026-01-05 19:21:58,183 - WARNING - Não foi possível detectar tonalidade: C:\Users\Sathler\Documents\Programacao\Python\Music\Vintage Culture & James Hype - You Give Me A Feeling.mp3
2026-01-05 19:21:58,184 - INFO - --------------------------------------------------------------------------------
2026-01-05 19:21:58,185 - ERROR - Erro durante análise: dict contains fields not in fieldnames: 'caminho'
2026-01-05 19:28:12,995 - INFO - Encontrados 2 arquivos para analisar
2026-01-05 19:28:12,996 - INFO - [1/2] Processando: Fahlberg - Bad Love (Antdot & Maz Extended Remix).mp3
2026-01-05 19:28:14,819 - INFO - Analisando BPM: Fahlberg - Bad Love (Antdot & Maz Extended Remix).mp3
2026-01-05 19:28:20,366 - WARNING - Não foi possível detectar tonalidade: C:\Users\Sathler\Documents\Programacao\Python\Music\Fahlberg - Bad Love (Antdot & Maz Extended Remix).mp3
2026-01-05 19:28:20,367 - INFO - --------------------------------------------------------------------------------
2026-01-05 19:28:20,367 - INFO - [2/2] Processando: Vintage Culture & James Hype - You Give Me A Feeling.mp3
2026-01-05 19:28:20,368 - INFO - Analisando BPM: Vintage Culture & James Hype - You Give Me A Feeling.mp3
2026-01-05 19:28:22,879 - WARNING - Não foi possível detectar tonalidade: C:\Users\Sathler\Documents\Programacao\Python\Music\Vintage Culture & James Hype - You Give Me A Feeling.mp3
2026-01-05 19:28:22,879 - INFO - --------------------------------------------------------------------------------
2026-01-05 19:28:22,880 - ERROR - Erro durante análise: dict contains fields not in fieldnames: 'caminho'
2026-01-05 19:34:49,633 - INFO - Encontrados 2 arquivos para analisar
2026-01-05 19:34:49,633 - INFO - [1/2] Processando: Fahlberg - Bad Love (Antdot & Maz Extended Remix).mp3
2026-01-05 19:34:51,437 - INFO - Analisando BPM: Fahlberg - Bad Love (Antdot & Maz Extended Remix).mp3
2026-01-05 19:34:56,874 - INFO - Detectando tonalidade: Fahlberg - Bad Love (Antdot & Maz Extended Remix).mp3
2026-01-05 19:34:57,818 - INFO - --------------------------------------------------------------------------------
2026-01-05 19:34:57,818 - INFO - [2/2] Processando: Vintage Culture & James Hype - You Give Me A Feeling.mp3
2026-01-05 19:34:57,819 - INFO - Analisando BPM: Vintage Culture & James Hype - You Give Me A Feeling.mp3
2026-01-05 19:35:00,306 - INFO - Detectando tonalidade: Vintage Culture & James Hype - You Give Me A Feeling.mp3
2026-01-05 19:35:01,223 - INFO - --------------------------------------------------------------------------------
2026-01-05 19:35:01,224 - ERROR - Erro durante análise: dict contains fields not in fieldnames: 'caminho'
2026-01-05 19:45:13,212 - INFO - Encontrados 2 arquivos para analisar
2026-01-05 19:45:13,215 - INFO - [1/2] Processando: Fahlberg - Bad Love (Antdot & Maz Extended Remix).mp3
2026-01-05 19:45:15,067 - INFO - Analisando BPM: Fahlberg - Bad Love (Antdot & Maz Extended Remix).mp3
2026-01-05 19:45:20,779 - INFO - Detectando tonalidade: Fahlberg - Bad Love (Antdot & Maz Extended Remix).mp3
2026-01-05 19:45:21,755 - INFO - --------------------------------------------------------------------------------
2026-01-05 19:45:21,755 - INFO - [2/2] Processando: Vintage Culture & James Hype - You Give Me A Feeling.mp3
2026-01-05 19:45:21,755 - INFO - Analisando BPM: Vintage Culture & James Hype - You Give Me A Feeling.mp3
2026-01-05 19:45:24,319 - INFO - Detectando tonalidade: Vintage Culture & James Hype - You Give Me A Feeling.mp3
2026-01-05 19:45:25,274 - INFO - --------------------------------------------------------------------------------
2026-01-05 19:45:25,275 - ERROR - Erro durante análise: dict contains fields not in fieldnames: 'caminho'
2026-01-05 19:50:08,062 - INFO - Encontrados 2 arquivos para analisar
2026-01-05 19:50:08,062 - INFO - [1/2] Processando: Em - 121 - Fahlberg - Bad Love (Antdot & Maz Extended Remix).mp3
2026-01-05 19:50:09,926 - INFO - Analisando BPM: Em - 121 - Fahlberg - Bad Love (Antdot & Maz Extended Remix).mp3
2026-01-05 19:50:15,645 - INFO - Detectando tonalidade: Em - 121 - Fahlberg - Bad Love (Antdot & Maz Extended Remix).mp3
2026-01-05 19:50:16,676 - INFO - --------------------------------------------------------------------------------
2026-01-05 19:50:16,677 - INFO - [2/2] Processando: Gm - 126 - Vintage Culture & James Hype - You Give Me A Feeling.mp3
2026-01-05 19:50:16,677 - INFO - Analisando BPM: Gm - 126 - Vintage Culture & James Hype - You Give Me A Feeling.mp3
2026-01-05 19:50:19,262 - INFO - Detectando tonalidade: Gm - 126 - Vintage Culture & James Hype - You Give Me A Feeling.mp3
2026-01-05 19:50:20,242 - INFO - --------------------------------------------------------------------------------
2026-01-05 19:50:20,243 - INFO - Resultados salvos em: C:\Users\Sathler\Documents\Programacao\Python\Music\music_analysis_20260105_195020.csv
2026-01-05 19:53:21,226 - INFO - Encontrados 2 arquivos para analisar
2026-01-05 19:53:21,226 - INFO - [1/2] Processando: Fahlberg - Bad Love (Antdot & Maz Extended Remix).mp3
2026-01-05 19:53:23,138 - INFO - Analisando BPM: Fahlberg - Bad Love (Antdot & Maz Extended Remix).mp3
2026-01-05 19:53:28,932 - INFO - Detectando tonalidade: Fahlberg - Bad Love (Antdot & Maz Extended Remix).mp3
2026-01-05 19:53:29,970 - INFO - --------------------------------------------------------------------------------
2026-01-05 19:53:29,970 - INFO - [2/2] Processando: Vintage Culture & James Hype - You Give Me A Feeling.mp3
2026-01-05 19:53:29,978 - INFO - Analisando BPM: Vintage Culture & James Hype - You Give Me A Feeling.mp3
2026-01-05 19:53:32,555 - INFO - Detectando tonalidade: Vintage Culture & James Hype - You Give Me A Feeling.mp3
2026-01-05 19:53:33,522 - INFO - --------------------------------------------------------------------------------
2026-01-05 19:53:33,523 - INFO - Resultados salvos em: C:\Users\Sathler\Documents\Programacao\Python\Music\music_analysis_20260105_195333.csv
2026-01-05 19:53:54,059 - INFO - Encontrados 2 arquivos para analisar
2026-01-05 19:53:54,059 - INFO - [1/2] Processando: Em - 121 bpm - Fahlberg - Bad Love (Antdot & Maz Extended Remix).mp3
2026-01-05 19:53:55,920 - INFO - Analisando BPM: Em - 121 bpm - Fahlberg - Bad Love (Antdot & Maz Extended Remix).mp3
2026-01-05 19:54:01,597 - INFO - Detectando tonalidade: Em - 121 bpm - Fahlberg - Bad Love (Antdot & Maz Extended Remix).mp3
2026-01-05 19:54:02,628 - INFO - --------------------------------------------------------------------------------
2026-01-05 19:54:02,629 - INFO - [2/2] Processando: Gm - 126 bpm - Vintage Culture & James Hype - You Give Me A Feeling.mp3
2026-01-05 19:54:02,638 - INFO - Analisando BPM: Gm - 126 bpm - Vintage Culture & James Hype - You Give Me A Feeling.mp3
2026-01-05 19:54:05,252 - INFO - Detectando tonalidade: Gm - 126 bpm - Vintage Culture & James Hype - You Give Me A Feeling.mp3
2026-01-05 19:54:06,204 - INFO - --------------------------------------------------------------------------------
2026-01-05 19:54:06,205 - INFO - Resultados salvos em: C:\Users\Sathler\Documents\Programacao\Python\Music\music_analysis_20260105_195406.csv
2026-01-05 20:45:20,102 - INFO - Encontrados 2 arquivos para analisar
2026-01-05 20:45:20,102 - INFO - [1/2] Processando: Em - 121 bpm - Fahlberg - Bad Love (Antdot & Maz Extended Remix).mp3
2026-01-05 20:45:22,257 - INFO - Analisando BPM: Em - 121 bpm - Fahlberg - Bad Love (Antdot & Maz Extended Remix).mp3
2026-01-05 20:45:28,264 - INFO - Detectando tonalidade: Em - 121 bpm - Fahlberg - Bad Love (Antdot & Maz Extended Remix).mp3
2026-01-05 20:45:29,311 - ERROR - Erro ao renomear arquivo: name 'extension' is not defined
2026-01-05 20:45:29,312 - INFO - --------------------------------------------------------------------------------
2026-01-05 20:45:29,312 - INFO - [2/2] Processando: Gm - 126 bpm - Vintage Culture & James Hype - You Give Me A Feeling.mp3
2026-01-05 20:45:29,313 - INFO - Analisando BPM: Gm - 126 bpm - Vintage Culture & James Hype - You Give Me A Feeling.mp3
2026-01-05 20:45:32,151 - INFO - Detectando tonalidade: Gm - 126 bpm - Vintage Culture & James Hype - You Give Me A Feeling.mp3
2026-01-05 20:45:33,175 - ERROR - Erro ao renomear arquivo: name 'extension' is not defined
2026-01-05 20:45:33,176 - INFO - --------------------------------------------------------------------------------
2026-01-05 20:45:33,177 - INFO - Resultados salvos em: C:\Users\Sathler\Documents\Programacao\Python\Music\music_analysis_20260105_204533.csv
2026-01-05 20:49:08,787 - INFO - Encontrados 2 arquivos para analisar
2026-01-05 20:49:08,788 - INFO - [1/2] Processando: Em - 121 bpm - Fahlberg - Bad Love (Antdot & Maz Extended Remix).mp3
2026-01-05 20:49:10,871 - INFO - Analisando BPM: Em - 121 bpm - Fahlberg - Bad Love (Antdot & Maz Extended Remix).mp3
2026-01-05 20:49:16,948 - INFO - Detectando tonalidade: Em - 121 bpm - Fahlberg - Bad Love (Antdot & Maz Extended Remix).mp3
2026-01-05 20:49:17,978 - ERROR - Erro ao renomear arquivo: name 'extension' is not defined
2026-01-05 20:49:17,978 - INFO - --------------------------------------------------------------------------------
2026-01-05 20:49:17,978 - INFO - [2/2] Processando: Gm - 126 bpm - Vintage Culture & James Hype - You Give Me A Feeling.mp3
2026-01-05 20:49:17,979 - INFO - Analisando BPM: Gm - 126 bpm - Vintage Culture & James Hype - You Give Me A Feeling.mp3
2026-01-05 20:49:20,783 - INFO - Detectando tonalidade: Gm - 126 bpm - Vintage Culture & James Hype - You Give Me A Feeling.mp3
2026-01-05 20:49:21,838 - ERROR - Erro ao renomear arquivo: name 'extension' is not defined
2026-01-05 20:49:21,839 - INFO - --------------------------------------------------------------------------------
2026-01-05 20:49:21,839 - INFO - Resultados salvos em: C:\Users\Sathler\Documents\Programacao\Python\Music\music_analysis_20260105_204921.csv
2026-01-05 20:50:49,276 - INFO - Encontrados 2 arquivos para analisar
2026-01-05 20:50:49,277 - INFO - [1/2] Processando: Em - 121 bpm - Fahlberg - Bad Love (Antdot & Maz Extended Remix).mp3
2026-01-05 20:50:51,492 - INFO - Analisando BPM: Em - 121 bpm - Fahlberg - Bad Love (Antdot & Maz Extended Remix).mp3
2026-01-05 20:50:57,742 - INFO - Detectando tonalidade: Em - 121 bpm - Fahlberg - Bad Love (Antdot & Maz Extended Remix).mp3
2026-01-05 20:50:58,833 - INFO - --------------------------------------------------------------------------------
2026-01-05 20:50:58,833 - INFO - [2/2] Processando: Gm - 126 bpm - Vintage Culture & James Hype - You Give Me A Feeling.mp3
2026-01-05 20:50:58,836 - INFO - Analisando BPM: Gm - 126 bpm - Vintage Culture & James Hype - You Give Me A Feeling.mp3
2026-01-05 20:51:01,745 - INFO - Detectando tonalidade: Gm - 126 bpm - Vintage Culture & James Hype - You Give Me A Feeling.mp3
2026-01-05 20:51:03,412 - INFO - --------------------------------------------------------------------------------
2026-01-05 20:51:03,413 - INFO - Resultados salvos em: C:\Users\Sathler\Documents\Programacao\Python\Music\music_analysis_20260105_205103.csv
2026-01-05 20:53:22,417 - INFO - Encontrados 2 arquivos para analisar
2026-01-05 20:53:22,418 - INFO - [1/2] Processando: 12A - 121 BPM - 121 bpm - Fahlberg - Bad Love (Antdot & Maz Extended Remix).mp3
2026-01-05 20:53:24,612 - INFO - Analisando BPM: 12A - 121 BPM - 121 bpm - Fahlberg - Bad Love (Antdot & Maz Extended Remix).mp3
2026-01-05 20:53:31,170 - INFO - Detectando tonalidade: 12A - 121 BPM - 121 bpm - Fahlberg - Bad Love (Antdot & Maz Extended Remix).mp3
2026-01-05 20:53:32,287 - INFO - --------------------------------------------------------------------------------
2026-01-05 20:53:32,287 - INFO - [2/2] Processando: 9A - 126 BPM - 126 bpm - Vintage Culture & James Hype - You Give Me A Feeling.mp3
2026-01-05 20:53:32,300 - INFO - Analisando BPM: 9A - 126 BPM - 126 bpm - Vintage Culture & James Hype - You Give Me A Feeling.mp3
2026-01-05 20:53:35,090 - INFO - Detectando tonalidade: 9A - 126 BPM - 126 bpm - Vintage Culture & James Hype - You Give Me A Feeling.mp3
2026-01-05 20:53:36,183 - INFO - --------------------------------------------------------------------------------
2026-01-05 20:53:36,185 - INFO - Resultados salvos em: C:\Users\Sathler\Documents\Programacao\Python\Music\music_analysis_20260105_205336.csv
2026-01-05 20:58:09,118 - INFO - Encontrados 2 arquivos para analisar
2026-01-05 20:58:09,122 - INFO - [1/2] Processando: 12A - 121 BPM - Fahlberg - Bad Love (Antdot & Maz Extended Remix).mp3
2026-01-05 20:58:11,330 - INFO - Analisando BPM: 12A - 121 BPM - Fahlberg - Bad Love (Antdot & Maz Extended Remix).mp3
2026-01-05 20:58:18,294 - INFO - Detectando tonalidade: 12A - 121 BPM - Fahlberg - Bad Love (Antdot & Maz Extended Remix).mp3
2026-01-05 20:58:19,485 - INFO - --------------------------------------------------------------------------------
2026-01-05 20:58:19,485 - INFO - [2/2] Processando: 9A - 126 BPM - Vintage Culture & James Hype - You Give Me A Feeling.mp3
2026-01-05 20:58:19,498 - INFO - Analisando BPM: 9A - 126 BPM - Vintage Culture & James Hype - You Give Me A Feeling.mp3
2026-01-05 20:58:22,401 - INFO - Detectando tonalidade: 9A - 126 BPM - Vintage Culture & James Hype - You Give Me A Feeling.mp3
2026-01-05 20:58:23,513 - INFO - --------------------------------------------------------------------------------
2026-01-05 20:58:23,514 - INFO - Resultados salvos em: C:\Users\Sathler\Documents\Programacao\Python\Music\music_analysis_20260105_205823.csv
2026-01-05 21:05:23,548 - INFO - Found 2 files to analyze
2026-01-05 21:05:23,551 - INFO - [1/2] Processing: 12A - 121 BPM - Fahlberg - Bad Love (Antdot & Maz Extended Remix).mp3
2026-01-05 21:05:25,497 - INFO - Analyzing BPM: 12A - 121 BPM - Fahlberg - Bad Love (Antdot & Maz Extended Remix).mp3
2026-01-05 21:05:31,016 - INFO - Detecting key: 12A - 121 BPM - Fahlberg - Bad Love (Antdot & Maz Extended Remix).mp3
2026-01-05 21:05:32,016 - INFO - --------------------------------------------------------------------------------
2026-01-05 21:05:32,016 - INFO - [2/2] Processing: 9A - 126 BPM - Vintage Culture & James Hype - You Give Me A Feeling.mp3
2026-01-05 21:05:32,026 - INFO - Analyzing BPM: 9A - 126 BPM - Vintage Culture & James Hype - You Give Me A Feeling.mp3
2026-01-05 21:05:34,598 - INFO - Detecting key: 9A - 126 BPM - Vintage Culture & James Hype - You Give Me A Feeling.mp3
2026-01-05 21:05:35,532 - INFO - --------------------------------------------------------------------------------
2026-01-05 21:05:35,533 - INFO - Results saved to: C:\Users\Sathler\Documents\Programacao\Python\Music\music_analysis_20260105_210535.csv
